<?xml version="1.0" encoding="UTF-8"?>
<testng-results ignored="0" total="23" passed="21" failed="2" skipped="0">
  <reporter-output>
  </reporter-output>
  <suite started-at="2021-08-19T19:13:35 CST" name="Heroku execution" finished-at="2021-08-19T19:14:38 CST" duration-ms="62140">
    <groups>
    </groups>
    <test started-at="2021-08-19T19:13:35 CST" name="Post Tests" finished-at="2021-08-19T19:14:34 CST" duration-ms="58726">
      <class name="PostTests">
        <test-method is-config="true" signature="setup(java.lang.String)[pri:0, instance:PostTests@5552768b]" started-at="2021-08-19T19:13:35 CST" name="setup" finished-at="2021-08-19T19:13:39 CST" duration-ms="3452" status="PASS">
          <params>
            <param index="0">
              <value>
                <![CDATA[https://api-coffee-testing.herokuapp.com]]>
              </value>
            </param>
          </params>
          <reporter-output>
          </reporter-output>
        </test-method> <!-- setup -->
        <test-method signature="Create_Post_Successful()[pri:0, instance:PostTests@5552768b]" started-at="2021-08-19T19:13:39 CST" name="Create_Post_Successful" finished-at="2021-08-19T19:13:57 CST" duration-ms="18365" status="PASS">
          <reporter-output>
          </reporter-output>
        </test-method> <!-- Create_Post_Successful -->
        <test-method signature="Create_Post_UnSuccessful()[pri:0, instance:PostTests@5552768b]" started-at="2021-08-19T19:13:57 CST" name="Create_Post_UnSuccessful" finished-at="2021-08-19T19:13:59 CST" duration-ms="2016" status="PASS">
          <reporter-output>
          </reporter-output>
        </test-method> <!-- Create_Post_UnSuccessful -->
        <test-method signature="Delete_Post_Successful()[pri:0, instance:PostTests@5552768b]" started-at="2021-08-19T19:13:59 CST" name="Delete_Post_Successful" finished-at="2021-08-19T19:14:05 CST" duration-ms="5558" status="PASS">
          <reporter-output>
          </reporter-output>
        </test-method> <!-- Delete_Post_Successful -->
        <test-method signature="Delete_Post_UnSuccessful()[pri:0, instance:PostTests@5552768b]" started-at="2021-08-19T19:14:05 CST" name="Delete_Post_UnSuccessful" finished-at="2021-08-19T19:14:07 CST" duration-ms="2117" status="PASS">
          <reporter-output>
          </reporter-output>
        </test-method> <!-- Delete_Post_UnSuccessful -->
        <test-method signature="Test_GET_Invalid_Post()[pri:0, instance:PostTests@5552768b]" started-at="2021-08-19T19:14:07 CST" name="Test_GET_Invalid_Post" finished-at="2021-08-19T19:14:09 CST" duration-ms="2093" status="PASS">
          <reporter-output>
          </reporter-output>
        </test-method> <!-- Test_GET_Invalid_Post -->
        <test-method signature="Test_GET_Post()[pri:0, instance:PostTests@5552768b]" started-at="2021-08-19T19:14:09 CST" name="Test_GET_Post" finished-at="2021-08-19T19:14:18 CST" duration-ms="8792" status="PASS">
          <reporter-output>
          </reporter-output>
        </test-method> <!-- Test_GET_Post -->
        <test-method signature="Test_GET_Posts()[pri:0, instance:PostTests@5552768b]" started-at="2021-08-19T19:14:18 CST" name="Test_GET_Posts" finished-at="2021-08-19T19:14:23 CST" duration-ms="5511" status="PASS">
          <reporter-output>
          </reporter-output>
        </test-method> <!-- Test_GET_Posts -->
        <test-method signature="Test_GET_Posts_Invalid()[pri:0, instance:PostTests@5552768b]" started-at="2021-08-19T19:14:23 CST" name="Test_GET_Posts_Invalid" finished-at="2021-08-19T19:14:27 CST" duration-ms="3733" status="PASS">
          <reporter-output>
          </reporter-output>
        </test-method> <!-- Test_GET_Posts_Invalid -->
        <test-method signature="Update_Invalid_Post()[pri:0, instance:PostTests@5552768b]" started-at="2021-08-19T19:14:27 CST" name="Update_Invalid_Post" finished-at="2021-08-19T19:14:29 CST" duration-ms="1641" status="FAIL">
          <exception class="java.lang.AssertionError">
            <message>
              <![CDATA[1 expectation failed.
Expected status code <406> but was <200>.
]]>
            </message>
            <full-stacktrace>
              <![CDATA[java.lang.AssertionError: 1 expectation failed.
Expected status code <406> but was <200>.

at java.base/jdk.internal.reflect.NativeConstructorAccessorImpl.newInstance0(Native Method)
at java.base/jdk.internal.reflect.NativeConstructorAccessorImpl.newInstance(NativeConstructorAccessorImpl.java:62)
at java.base/jdk.internal.reflect.DelegatingConstructorAccessorImpl.newInstance(DelegatingConstructorAccessorImpl.java:45)
at java.base/java.lang.reflect.Constructor.newInstance(Constructor.java:490)
at org.codehaus.groovy.reflection.CachedConstructor.invoke(CachedConstructor.java:72)
at org.codehaus.groovy.reflection.CachedConstructor.doConstructorInvoke(CachedConstructor.java:59)
at org.codehaus.groovy.runtime.callsite.ConstructorSite$ConstructorSiteNoUnwrap.callConstructor(ConstructorSite.java:84)
at org.codehaus.groovy.runtime.callsite.CallSiteArray.defaultCallConstructor(CallSiteArray.java:59)
at org.codehaus.groovy.runtime.callsite.AbstractCallSite.callConstructor(AbstractCallSite.java:263)
at org.codehaus.groovy.runtime.callsite.AbstractCallSite.callConstructor(AbstractCallSite.java:277)
at io.restassured.internal.ResponseSpecificationImpl$HamcrestAssertionClosure.validate(ResponseSpecificationImpl.groovy:493)
at io.restassured.internal.ResponseSpecificationImpl$HamcrestAssertionClosure$validate$2.call(Unknown Source)
at io.restassured.internal.ResponseSpecificationImpl.validateResponseIfRequired(ResponseSpecificationImpl.groovy:674)
at jdk.internal.reflect.GeneratedMethodAccessor150.invoke(Unknown Source)
at java.base/jdk.internal.reflect.DelegatingMethodAccessorImpl.invoke(DelegatingMethodAccessorImpl.java:43)
at java.base/java.lang.reflect.Method.invoke(Method.java:566)
at org.codehaus.groovy.runtime.callsite.PlainObjectMetaMethodSite.doInvoke(PlainObjectMetaMethodSite.java:43)
at org.codehaus.groovy.runtime.callsite.PogoMetaMethodSite$PogoCachedMethodSiteNoUnwrapNoCoerce.invoke(PogoMetaMethodSite.java:193)
at org.codehaus.groovy.runtime.callsite.PogoMetaMethodSite.callCurrent(PogoMetaMethodSite.java:61)
at org.codehaus.groovy.runtime.callsite.AbstractCallSite.callCurrent(AbstractCallSite.java:185)
at io.restassured.internal.ResponseSpecificationImpl.statusCode(ResponseSpecificationImpl.groovy:126)
at io.restassured.specification.ResponseSpecification$statusCode$0.callCurrent(Unknown Source)
at io.restassured.internal.ResponseSpecificationImpl.statusCode(ResponseSpecificationImpl.groovy:134)
at io.restassured.internal.ValidatableResponseOptionsImpl.statusCode(ValidatableResponseOptionsImpl.java:89)
at io.restassured.internal.ValidatableResponseImpl.super$2$statusCode(ValidatableResponseImpl.groovy)
at jdk.internal.reflect.GeneratedMethodAccessor178.invoke(Unknown Source)
at java.base/jdk.internal.reflect.DelegatingMethodAccessorImpl.invoke(DelegatingMethodAccessorImpl.java:43)
at java.base/java.lang.reflect.Method.invoke(Method.java:566)
at org.codehaus.groovy.reflection.CachedMethod.invoke(CachedMethod.java:107)
at groovy.lang.MetaMethod.doMethodInvoke(MetaMethod.java:323)
at groovy.lang.MetaClassImpl.invokeMethod(MetaClassImpl.java:1268)
at org.codehaus.groovy.runtime.ScriptBytecodeAdapter.invokeMethodOnSuperN(ScriptBytecodeAdapter.java:144)
at io.restassured.internal.ValidatableResponseImpl.statusCode(ValidatableResponseImpl.groovy:142)
at io.restassured.internal.ValidatableResponseImpl.statusCode(ValidatableResponseImpl.groovy)
at PostTests.Update_Invalid_Post(PostTests.java:150)
at java.base/jdk.internal.reflect.NativeMethodAccessorImpl.invoke0(Native Method)
at java.base/jdk.internal.reflect.NativeMethodAccessorImpl.invoke(NativeMethodAccessorImpl.java:62)
at java.base/jdk.internal.reflect.DelegatingMethodAccessorImpl.invoke(DelegatingMethodAccessorImpl.java:43)
at java.base/java.lang.reflect.Method.invoke(Method.java:566)
at org.testng.internal.MethodInvocationHelper.invokeMethod(MethodInvocationHelper.java:133)
at org.testng.internal.TestInvoker.invokeMethod(TestInvoker.java:598)
at org.testng.internal.TestInvoker.invokeTestMethod(TestInvoker.java:173)
at org.testng.internal.MethodRunner.runInSequence(MethodRunner.java:46)
at org.testng.internal.TestInvoker$MethodInvocationAgent.invoke(TestInvoker.java:824)
at org.testng.internal.TestInvoker.invokeTestMethods(TestInvoker.java:146)
at org.testng.internal.TestMethodWorker.invokeTestMethods(TestMethodWorker.java:146)
at org.testng.internal.TestMethodWorker.run(TestMethodWorker.java:128)
at java.base/java.util.ArrayList.forEach(ArrayList.java:1541)
at org.testng.TestRunner.privateRun(TestRunner.java:794)
at org.testng.TestRunner.run(TestRunner.java:596)
at org.testng.SuiteRunner.runTest(SuiteRunner.java:377)
at org.testng.SuiteRunner.access$000(SuiteRunner.java:28)
at org.testng.SuiteRunner$SuiteWorker.run(SuiteRunner.java:418)
at org.testng.internal.thread.ThreadUtil.lambda$execute$0(ThreadUtil.java:64)
at java.base/java.util.concurrent.FutureTask.run(FutureTask.java:264)
at java.base/java.util.concurrent.ThreadPoolExecutor.runWorker(ThreadPoolExecutor.java:1128)
at java.base/java.util.concurrent.ThreadPoolExecutor$Worker.run(ThreadPoolExecutor.java:628)
at java.base/java.lang.Thread.run(Thread.java:834)
]]>
            </full-stacktrace>
          </exception> <!-- java.lang.AssertionError -->
          <reporter-output>
          </reporter-output>
        </test-method> <!-- Update_Invalid_Post -->
        <test-method signature="Update_Post()[pri:0, instance:PostTests@5552768b]" started-at="2021-08-19T19:14:29 CST" name="Update_Post" finished-at="2021-08-19T19:14:33 CST" duration-ms="3695" status="PASS">
          <reporter-output>
          </reporter-output>
        </test-method> <!-- Update_Post -->
        <test-method signature="createPost()[pri:0, instance:PostTests@5552768b]" started-at="2021-08-19T19:14:33 CST" name="createPost" finished-at="2021-08-19T19:14:34 CST" duration-ms="1507" status="PASS">
          <reporter-output>
          </reporter-output>
        </test-method> <!-- createPost -->
      </class> <!-- PostTests -->
    </test> <!-- Post Tests -->
    <test started-at="2021-08-19T19:13:35 CST" name="Comments Tests" finished-at="2021-08-19T19:14:38 CST" duration-ms="62140">
      <class name="CommentsTests">
        <test-method is-config="true" signature="setup(java.lang.String)[pri:0, instance:CommentsTests@2e222612]" started-at="2021-08-19T19:13:35 CST" name="setup" finished-at="2021-08-19T19:13:39 CST" duration-ms="3489" status="PASS">
          <params>
            <param index="0">
              <value>
                <![CDATA[https://api-coffee-testing.herokuapp.com]]>
              </value>
            </param>
          </params>
          <reporter-output>
          </reporter-output>
        </test-method> <!-- setup -->
        <test-method signature="Create_Comment_Successful()[pri:0, instance:CommentsTests@2e222612]" started-at="2021-08-19T19:13:39 CST" name="Create_Comment_Successful" finished-at="2021-08-19T19:13:57 CST" duration-ms="18310" status="PASS">
          <reporter-output>
          </reporter-output>
        </test-method> <!-- Create_Comment_Successful -->
        <test-method signature="Create_Comment_UnSuccessful()[pri:0, instance:CommentsTests@2e222612]" started-at="2021-08-19T19:13:57 CST" name="Create_Comment_UnSuccessful" finished-at="2021-08-19T19:14:02 CST" duration-ms="4688" status="PASS">
          <reporter-output>
          </reporter-output>
        </test-method> <!-- Create_Comment_UnSuccessful -->
        <test-method signature="Delete_Comment_Successful()[pri:0, instance:CommentsTests@2e222612]" started-at="2021-08-19T19:14:02 CST" name="Delete_Comment_Successful" finished-at="2021-08-19T19:14:08 CST" duration-ms="6149" status="PASS">
          <reporter-output>
          </reporter-output>
        </test-method> <!-- Delete_Comment_Successful -->
        <test-method signature="Delete_Comment_UnSuccessful()[pri:0, instance:CommentsTests@2e222612]" started-at="2021-08-19T19:14:08 CST" name="Delete_Comment_UnSuccessful" finished-at="2021-08-19T19:14:09 CST" duration-ms="950" status="PASS">
          <reporter-output>
          </reporter-output>
        </test-method> <!-- Delete_Comment_UnSuccessful -->
        <test-method signature="Test_GET_Comment()[pri:0, instance:CommentsTests@2e222612]" started-at="2021-08-19T19:14:09 CST" name="Test_GET_Comment" finished-at="2021-08-19T19:14:22 CST" duration-ms="12604" status="PASS">
          <reporter-output>
          </reporter-output>
        </test-method> <!-- Test_GET_Comment -->
        <test-method signature="Test_GET_Comments()[pri:0, instance:CommentsTests@2e222612]" started-at="2021-08-19T19:14:22 CST" name="Test_GET_Comments" finished-at="2021-08-19T19:14:24 CST" duration-ms="2650" status="PASS">
          <reporter-output>
          </reporter-output>
        </test-method> <!-- Test_GET_Comments -->
        <test-method signature="Test_GET_Comments_Invalid()[pri:0, instance:CommentsTests@2e222612]" started-at="2021-08-19T19:14:24 CST" name="Test_GET_Comments_Invalid" finished-at="2021-08-19T19:14:27 CST" duration-ms="2783" status="PASS">
          <reporter-output>
          </reporter-output>
        </test-method> <!-- Test_GET_Comments_Invalid -->
        <test-method signature="Test_GET_Invalid_Comment()[pri:0, instance:CommentsTests@2e222612]" started-at="2021-08-19T19:14:27 CST" name="Test_GET_Invalid_Comment" finished-at="2021-08-19T19:14:28 CST" duration-ms="778" status="PASS">
          <reporter-output>
          </reporter-output>
        </test-method> <!-- Test_GET_Invalid_Comment -->
        <test-method signature="Update_Comment()[pri:0, instance:CommentsTests@2e222612]" started-at="2021-08-19T19:14:28 CST" name="Update_Comment" finished-at="2021-08-19T19:14:33 CST" duration-ms="5027" status="PASS">
          <reporter-output>
          </reporter-output>
        </test-method> <!-- Update_Comment -->
        <test-method signature="Update_Invalid_Comment()[pri:0, instance:CommentsTests@2e222612]" started-at="2021-08-19T19:14:33 CST" name="Update_Invalid_Comment" finished-at="2021-08-19T19:14:34 CST" duration-ms="758" status="FAIL">
          <exception class="java.lang.AssertionError">
            <message>
              <![CDATA[1 expectation failed.
Expected status code <406> but was <200>.
]]>
            </message>
            <full-stacktrace>
              <![CDATA[java.lang.AssertionError: 1 expectation failed.
Expected status code <406> but was <200>.

at java.base/jdk.internal.reflect.NativeConstructorAccessorImpl.newInstance0(Native Method)
at java.base/jdk.internal.reflect.NativeConstructorAccessorImpl.newInstance(NativeConstructorAccessorImpl.java:62)
at java.base/jdk.internal.reflect.DelegatingConstructorAccessorImpl.newInstance(DelegatingConstructorAccessorImpl.java:45)
at java.base/java.lang.reflect.Constructor.newInstance(Constructor.java:490)
at org.codehaus.groovy.reflection.CachedConstructor.invoke(CachedConstructor.java:72)
at org.codehaus.groovy.reflection.CachedConstructor.doConstructorInvoke(CachedConstructor.java:59)
at org.codehaus.groovy.runtime.callsite.ConstructorSite$ConstructorSiteNoUnwrap.callConstructor(ConstructorSite.java:84)
at org.codehaus.groovy.runtime.callsite.AbstractCallSite.callConstructor(AbstractCallSite.java:277)
at io.restassured.internal.ResponseSpecificationImpl$HamcrestAssertionClosure.validate(ResponseSpecificationImpl.groovy:493)
at io.restassured.internal.ResponseSpecificationImpl$HamcrestAssertionClosure$validate$2.call(Unknown Source)
at io.restassured.internal.ResponseSpecificationImpl.validateResponseIfRequired(ResponseSpecificationImpl.groovy:674)
at jdk.internal.reflect.GeneratedMethodAccessor150.invoke(Unknown Source)
at java.base/jdk.internal.reflect.DelegatingMethodAccessorImpl.invoke(DelegatingMethodAccessorImpl.java:43)
at java.base/java.lang.reflect.Method.invoke(Method.java:566)
at org.codehaus.groovy.runtime.callsite.PlainObjectMetaMethodSite.doInvoke(PlainObjectMetaMethodSite.java:43)
at org.codehaus.groovy.runtime.callsite.PogoMetaMethodSite$PogoCachedMethodSiteNoUnwrapNoCoerce.invoke(PogoMetaMethodSite.java:193)
at org.codehaus.groovy.runtime.callsite.PogoMetaMethodSite.callCurrent(PogoMetaMethodSite.java:61)
at org.codehaus.groovy.runtime.callsite.AbstractCallSite.callCurrent(AbstractCallSite.java:185)
at io.restassured.internal.ResponseSpecificationImpl.statusCode(ResponseSpecificationImpl.groovy:126)
at io.restassured.specification.ResponseSpecification$statusCode$0.callCurrent(Unknown Source)
at io.restassured.internal.ResponseSpecificationImpl.statusCode(ResponseSpecificationImpl.groovy:134)
at io.restassured.internal.ValidatableResponseOptionsImpl.statusCode(ValidatableResponseOptionsImpl.java:89)
at io.restassured.internal.ValidatableResponseImpl.super$2$statusCode(ValidatableResponseImpl.groovy)
at jdk.internal.reflect.GeneratedMethodAccessor178.invoke(Unknown Source)
at java.base/jdk.internal.reflect.DelegatingMethodAccessorImpl.invoke(DelegatingMethodAccessorImpl.java:43)
at java.base/java.lang.reflect.Method.invoke(Method.java:566)
at org.codehaus.groovy.reflection.CachedMethod.invoke(CachedMethod.java:107)
at groovy.lang.MetaMethod.doMethodInvoke(MetaMethod.java:323)
at groovy.lang.MetaClassImpl.invokeMethod(MetaClassImpl.java:1268)
at org.codehaus.groovy.runtime.ScriptBytecodeAdapter.invokeMethodOnSuperN(ScriptBytecodeAdapter.java:144)
at io.restassured.internal.ValidatableResponseImpl.statusCode(ValidatableResponseImpl.groovy:142)
at io.restassured.internal.ValidatableResponseImpl.statusCode(ValidatableResponseImpl.groovy)
at CommentsTests.Update_Invalid_Comment(CommentsTests.java:173)
at java.base/jdk.internal.reflect.NativeMethodAccessorImpl.invoke0(Native Method)
at java.base/jdk.internal.reflect.NativeMethodAccessorImpl.invoke(NativeMethodAccessorImpl.java:62)
at java.base/jdk.internal.reflect.DelegatingMethodAccessorImpl.invoke(DelegatingMethodAccessorImpl.java:43)
at java.base/java.lang.reflect.Method.invoke(Method.java:566)
at org.testng.internal.MethodInvocationHelper.invokeMethod(MethodInvocationHelper.java:133)
at org.testng.internal.TestInvoker.invokeMethod(TestInvoker.java:598)
at org.testng.internal.TestInvoker.invokeTestMethod(TestInvoker.java:173)
at org.testng.internal.MethodRunner.runInSequence(MethodRunner.java:46)
at org.testng.internal.TestInvoker$MethodInvocationAgent.invoke(TestInvoker.java:824)
at org.testng.internal.TestInvoker.invokeTestMethods(TestInvoker.java:146)
at org.testng.internal.TestMethodWorker.invokeTestMethods(TestMethodWorker.java:146)
at org.testng.internal.TestMethodWorker.run(TestMethodWorker.java:128)
at java.base/java.util.ArrayList.forEach(ArrayList.java:1541)
at org.testng.TestRunner.privateRun(TestRunner.java:794)
at org.testng.TestRunner.run(TestRunner.java:596)
at org.testng.SuiteRunner.runTest(SuiteRunner.java:377)
at org.testng.SuiteRunner.access$000(SuiteRunner.java:28)
at org.testng.SuiteRunner$SuiteWorker.run(SuiteRunner.java:418)
at org.testng.internal.thread.ThreadUtil.lambda$execute$0(ThreadUtil.java:64)
at java.base/java.util.concurrent.FutureTask.run(FutureTask.java:264)
at java.base/java.util.concurrent.ThreadPoolExecutor.runWorker(ThreadPoolExecutor.java:1128)
at java.base/java.util.concurrent.ThreadPoolExecutor$Worker.run(ThreadPoolExecutor.java:628)
at java.base/java.lang.Thread.run(Thread.java:834)
]]>
            </full-stacktrace>
          </exception> <!-- java.lang.AssertionError -->
          <reporter-output>
          </reporter-output>
        </test-method> <!-- Update_Invalid_Comment -->
        <test-method signature="createComment()[pri:0, instance:CommentsTests@2e222612]" started-at="2021-08-19T19:14:34 CST" name="createComment" finished-at="2021-08-19T19:14:36 CST" duration-ms="2254" status="PASS">
          <reporter-output>
          </reporter-output>
        </test-method> <!-- createComment -->
        <test-method signature="createPost()[pri:0, instance:CommentsTests@2e222612]" started-at="2021-08-19T19:14:36 CST" name="createPost" finished-at="2021-08-19T19:14:38 CST" duration-ms="1568" status="PASS">
          <reporter-output>
          </reporter-output>
        </test-method> <!-- createPost -->
      </class> <!-- CommentsTests -->
    </test> <!-- Comments Tests -->
  </suite> <!-- Heroku execution -->
</testng-results>
